<?xml version="1.0" encoding="UTF-8"?>
<robot generator="Robot 7.2.2 (Python 3.13.2 on win32)" generated="2025-03-09T14:34:44.862955" rpa="false" schemaversion="5">
<suite id="s1" name="001-Basics" source="c:\Users\mkumc\Desktop\Python-robot\RobotFramework\001-basics.robot">
<test id="s1-t1" name="first test" line="2">
<kw name="Log To Console" owner="BuiltIn">
<arg>this is my first message</arg>
<doc>Logs the given message to the console.</doc>
<status status="PASS" start="2025-03-09T14:34:44.903817" elapsed="0.000467"/>
</kw>
<status status="PASS" start="2025-03-09T14:34:44.902940" elapsed="0.002432"/>
</test>
<status status="PASS" start="2025-03-09T14:34:44.880203" elapsed="0.027009"/>
</suite>
<statistics>
<total>
<stat pass="1" fail="0" skip="0">All Tests</stat>
</total>
<tag>
</tag>
<suite>
<stat name="001-Basics" id="s1" pass="1" fail="0" skip="0">001-Basics</stat>
</suite>
</statistics>
<errors>
</errors>
</robot>
