<?xml version="1.0" encoding="UTF-8"?>
<robot generator="Robot 7.2.2 (Python 3.13.2 on win32)" generated="2025-03-09T16:24:07.605595" rpa="false" schemaversion="5">
<suite id="s1" name="003-If-Else" source="C:\Users\mkumc\Desktop\Python-robot\RobotFramework\003-if-else.robot">
<test id="s1-t1" name="Test 01" line="13">
<if>
<branch type="IF" condition="${sayi1} == ${sayi2}">
<kw name="Log To Console" owner="BuiltIn">
<arg>${sayi1} ${sayi2}`ye esittir</arg>
<doc>Logs the given message to the console.</doc>
<status status="NOT RUN" start="2025-03-09T16:24:07.634179" elapsed="0.000031"/>
</kw>
<status status="NOT RUN" start="2025-03-09T16:24:07.633731" elapsed="0.000533"/>
</branch>
<branch type="ELSE">
<kw name="Log To Console" owner="BuiltIn">
<arg>${sayi1} ${sayi2}`ye esit degildir</arg>
<doc>Logs the given message to the console.</doc>
<status status="PASS" start="2025-03-09T16:24:07.634377" elapsed="0.000536"/>
</kw>
<status status="PASS" start="2025-03-09T16:24:07.634293" elapsed="0.000659"/>
</branch>
<status status="PASS" start="2025-03-09T16:24:07.633697" elapsed="0.001276"/>
</if>
<kw name="Log To Console" owner="BuiltIn">
<arg>-----------------------------------</arg>
<doc>Logs the given message to the console.</doc>
<status status="PASS" start="2025-03-09T16:24:07.635147" elapsed="0.000382"/>
</kw>
<if>
<branch type="IF" condition="&quot;bu&quot; in &quot;${cumle}&quot;">
<kw name="Log To Console" owner="BuiltIn">
<arg>bu kelimesi mevcut</arg>
<doc>Logs the given message to the console.</doc>
<status status="PASS" start="2025-03-09T16:24:07.635823" elapsed="0.000303"/>
</kw>
<status status="PASS" start="2025-03-09T16:24:07.635685" elapsed="0.000476"/>
</branch>
<branch type="ELSE">
<kw name="Log To Console" owner="BuiltIn">
<arg>bu kelimesi mevcut degil</arg>
<doc>Logs the given message to the console.</doc>
<status status="NOT RUN" start="2025-03-09T16:24:07.636253" elapsed="0.000016"/>
</kw>
<status status="NOT RUN" start="2025-03-09T16:24:07.636183" elapsed="0.000114"/>
</branch>
<status status="PASS" start="2025-03-09T16:24:07.635668" elapsed="0.000652"/>
</if>
<status status="PASS" start="2025-03-09T16:24:07.633412" elapsed="0.003067"/>
</test>
<status status="PASS" start="2025-03-09T16:24:07.606831" elapsed="0.030538"/>
</suite>
<statistics>
<total>
<stat pass="1" fail="0" skip="0">All Tests</stat>
</total>
<tag>
</tag>
<suite>
<stat name="003-If-Else" id="s1" pass="1" fail="0" skip="0">003-If-Else</stat>
</suite>
</statistics>
<errors>
</errors>
</robot>
