<?xml version="1.0" encoding="UTF-8"?>
<robot generator="Robot 7.2.2 (Python 3.13.2 on win32)" generated="2025-03-11T21:28:15.734160" rpa="false" schemaversion="5">
<suite id="s1" name="007-Keywords" source="C:\Users\mkumc\Desktop\Python-robot\RobotFramework\007-keywords.robot">
<test id="s1-t1" name="Test01" line="4">
<kw name="Hello write on screen">
<kw name="Log To Console" owner="BuiltIn">
<arg>helloo</arg>
<doc>Logs the given message to the console.</doc>
<status status="PASS" start="2025-03-11T21:28:15.763604" elapsed="0.000267"/>
</kw>
<status status="PASS" start="2025-03-11T21:28:15.763224" elapsed="0.000744"/>
</kw>
<status status="PASS" start="2025-03-11T21:28:15.762668" elapsed="0.001534"/>
</test>
<status status="PASS" start="2025-03-11T21:28:15.735385" elapsed="0.029414"/>
</suite>
<statistics>
<total>
<stat pass="1" fail="0" skip="0">All Tests</stat>
</total>
<tag>
</tag>
<suite>
<stat name="007-Keywords" id="s1" pass="1" fail="0" skip="0">007-Keywords</stat>
</suite>
</statistics>
<errors>
</errors>
</robot>
