<?xml version="1.0" encoding="UTF-8"?>
<robot generator="Robot 7.2.2 (Python 3.13.2 on win32)" generated="2025-03-13T10:29:55.929545" rpa="false" schemaversion="5">
<suite id="s1" name="009-customLib" source="C:\Users\mkumc\Desktop\Python-robot\RobotFramework\009-customLib.robot">
<test id="s1-t1" name="Test01" line="7">
<kw name="Toplama Islemi" owner="CustomLib">
<msg time="2025-03-13T10:29:55.960916" level="INFO">${toplama} = 35</msg>
<var>${toplama}</var>
<arg>15</arg>
<arg>20</arg>
<status status="PASS" start="2025-03-13T10:29:55.960733" elapsed="0.000220"/>
</kw>
<kw name="Log To Console" owner="BuiltIn">
<arg>${toplama}</arg>
<doc>Logs the given message to the console.</doc>
<status status="PASS" start="2025-03-13T10:29:55.961184" elapsed="0.000219"/>
</kw>
<status status="PASS" start="2025-03-13T10:29:55.960100" elapsed="0.001496"/>
</test>
<status status="PASS" start="2025-03-13T10:29:55.930699" elapsed="0.031785"/>
</suite>
<statistics>
<total>
<stat pass="1" fail="0" skip="0">All Tests</stat>
</total>
<tag>
</tag>
<suite>
<stat name="009-customLib" id="s1" pass="1" fail="0" skip="0">009-customLib</stat>
</suite>
</statistics>
<errors>
</errors>
</robot>
